<?xml version="1.0" encoding="UTF-8"?>
<!-- Generated by org.testng.reporters.JUnitXMLReporter -->
<testsuite ignored="0" hostname="BCDS-LHR-33" failures="4" tests="20" name="Test" time="1036.051" errors="0" timestamp="2021-08-06T17:46:39 PKT">
  <testcase classname="com.sunhub.qa.test_cases.LoginPageTest" name="BuyerLogin" time="17.033">
    <failure type="org.openqa.selenium.ElementNotInteractableException" message="element not interactable
  (Session info: chrome=92.0.4515.131)
Build info: version: &amp;apos;3.141.59&amp;apos;, revision: &amp;apos;e82be7d358&amp;apos;, time: &amp;apos;2018-11-14T08:17:03&amp;apos;
System info: host: &amp;apos;BCDS-LHR-33&amp;apos;, ip: &amp;apos;192.168.0.151&amp;apos;, os.name: &amp;apos;Windows 10&amp;apos;, os.arch: &amp;apos;amd64&amp;apos;, os.version: &amp;apos;10.0&amp;apos;, java.version: &amp;apos;15.0.2&amp;apos;
Driver info: org.openqa.selenium.chrome.ChromeDriver
Capabilities {acceptInsecureCerts: false, browserName: chrome, browserVersion: 92.0.4515.131, chrome: {chromedriverVersion: 92.0.4515.43 (8c61b7e2989f2..., userDataDir: C:\Users\KHAWAJ~1.MUH\AppDa...}, goog:chromeOptions: {debuggerAddress: localhost:63266}, javascriptEnabled: true, networkConnectionEnabled: false, pageLoadStrategy: normal, platform: WINDOWS, platformName: WINDOWS, proxy: Proxy(), setWindowRect: true, strictFileInteractability: false, timeouts: {implicit: 0, pageLoad: 300000, script: 30000}, unhandledPromptBehavior: dismiss and notify, webauthn:extension:credBlob: true, webauthn:extension:largeBlob: true, webauthn:virtualAuthenticators: true}
Session ID: 41c9db9aece716283fa35d451543b6fd">
      <![CDATA[org.openqa.selenium.ElementNotInteractableException: element not interactable
  (Session info: chrome=92.0.4515.131)
Build info: version: '3.141.59', revision: 'e82be7d358', time: '2018-11-14T08:17:03'
System info: host: 'BCDS-LHR-33', ip: '192.168.0.151', os.name: 'Windows 10', os.arch: 'amd64', os.version: '10.0', java.version: '15.0.2'
Driver info: org.openqa.selenium.chrome.ChromeDriver
Capabilities {acceptInsecureCerts: false, browserName: chrome, browserVersion: 92.0.4515.131, chrome: {chromedriverVersion: 92.0.4515.43 (8c61b7e2989f2..., userDataDir: C:\Users\KHAWAJ~1.MUH\AppDa...}, goog:chromeOptions: {debuggerAddress: localhost:63266}, javascriptEnabled: true, networkConnectionEnabled: false, pageLoadStrategy: normal, platform: WINDOWS, platformName: WINDOWS, proxy: Proxy(), setWindowRect: true, strictFileInteractability: false, timeouts: {implicit: 0, pageLoad: 300000, script: 30000}, unhandledPromptBehavior: dismiss and notify, webauthn:extension:credBlob: true, webauthn:extension:largeBlob: true, webauthn:virtualAuthenticators: true}
Session ID: 41c9db9aece716283fa35d451543b6fd
at org.openqa.selenium.remote.http.W3CHttpResponseCodec.createException(W3CHttpResponseCodec.java:187)
at org.openqa.selenium.remote.http.W3CHttpResponseCodec.decode(W3CHttpResponseCodec.java:122)
at org.openqa.selenium.remote.http.W3CHttpResponseCodec.decode(W3CHttpResponseCodec.java:49)
at org.openqa.selenium.remote.HttpCommandExecutor.execute(HttpCommandExecutor.java:158)
at org.openqa.selenium.remote.service.DriverCommandExecutor.execute(DriverCommandExecutor.java:83)
at org.openqa.selenium.remote.RemoteWebDriver.execute(RemoteWebDriver.java:552)
at org.openqa.selenium.remote.RemoteWebElement.execute(RemoteWebElement.java:285)
at org.openqa.selenium.remote.RemoteWebElement.click(RemoteWebElement.java:84)
at org.openqa.selenium.support.pagefactory.internal.LocatingElementHandler.invoke(LocatingElementHandler.java:51)
at com.sun.proxy.$Proxy10.click(Unknown Source)
at com.sunhub.Login.pages.BuyerLoginPage.ValidateLogin(BuyerLoginPage.java:54)
at com.sunhub.qa.test_cases.LoginPageTest.BuyerLogin(LoginPageTest.java:49)
at java.base/java.util.ArrayList.forEach(ArrayList.java:1511)
... Removed 40 stack frames]]>
    </failure>
  </testcase> <!-- BuyerLogin -->
  <testcase classname="com.sunhub.qa.test_cases.LoginPageTest" name="BsuinessLogin" time="0.97"/>
  <testcase classname="com.sunhub.qa.test_cases.LoginPageTest" name="ISellerLogin" time="0.948"/>
  <testcase classname="com.sunhub.qa.test_cases.LoginPageTest" name="SPSellerValidateLogin" time="0.94"/>
  <testcase classname="com.sunhub.qa.test_cases.LoginPageTest" name="GeneralValidEmailWrongPasswordVerification" time="2.965"/>
  <testcase classname="com.sunhub.qa.test_cases.LoginPageTest" name="MessageAppearance" time="1.61"/>
  <testcase classname="com.sunhub.qa.test_cases.AddProductTest" name="AddProduct" time="69.259"/>
  <testcase classname="com.sunhub.qa.test_cases.AddProductTest" name="existingBrandVerification" time="29.414"/>
  <testcase classname="com.sunhub.qa.test_cases.AddProductTest" name="AgeAndConditionCheck" time="49.404"/>
  <testcase classname="com.sunhub.qa.test_cases.AddProductTest" name="VerificationOfAddedManufacturer" time="30.341"/>
  <testcase classname="com.sunhub.qa.test_cases.AddProductTest" name="verifyDiscountedPrice" time="79.869"/>
  <testcase classname="com.sunhub.qa.test_cases.AddProductTest" name="ImageDeletionCheck" time="25.147">
    <failure type="java.io.IOException" message="Cannot run program &amp;quot;./AutoIT/Image&amp;quot;: CreateProcess error=2, The system cannot find the file specified">
      <![CDATA[java.io.IOException: Cannot run program "./AutoIT/Image": CreateProcess error=2, The system cannot find the file specified
at java.base/java.lang.ProcessBuilder.start(ProcessBuilder.java:1142)
at java.base/java.lang.ProcessBuilder.start(ProcessBuilder.java:1073)
at java.base/java.lang.Runtime.exec(Runtime.java:591)
at java.base/java.lang.Runtime.exec(Runtime.java:415)
at java.base/java.lang.Runtime.exec(Runtime.java:312)
at com.sunhub.qa.util.TestUtil.uploadImage(TestUtil.java:159)
at com.sunhub.AddProduct.pages.AddProduct.ImagedeletionCheck(AddProduct.java:595)
at com.sunhub.qa.test_cases.AddProductTest.ImageDeletionCheck(AddProductTest.java:74)
at java.base/java.util.ArrayList.forEach(ArrayList.java:1511)
Caused by: java.io.IOException: CreateProcess error=2, The system cannot find the file specified
at java.base/java.lang.ProcessImpl.create(Native Method)
at java.base/java.lang.ProcessImpl.<init>(ProcessImpl.java:483)
at java.base/java.lang.ProcessImpl.start(ProcessImpl.java:158)
at java.base/java.lang.ProcessBuilder.start(ProcessBuilder.java:1109)
... 39 more
... Removed 31 stack frames]]>
    </failure>
  </testcase> <!-- ImageDeletionCheck -->
  <testcase classname="com.sunhub.qa.test_cases.AddProductTest" name="DocumentDeletionCheck" time="42.108">
    <failure type="java.lang.IllegalArgumentException" message="bound must be greater than origin">
      <![CDATA[java.lang.IllegalArgumentException: bound must be greater than origin
at java.base/java.util.concurrent.ThreadLocalRandom.nextInt(ThreadLocalRandom.java:337)
at com.sunhub.qa.util.TestUtil.randomCall(TestUtil.java:105)
at com.sunhub.AddProduct.pages.AddProduct.DocumentDeletionCheck(AddProduct.java:643)
at com.sunhub.qa.test_cases.AddProductTest.DocumentDeletionCheck(AddProductTest.java:81)
at java.base/java.util.ArrayList.forEach(ArrayList.java:1511)
... Removed 31 stack frames]]>
    </failure>
  </testcase> <!-- DocumentDeletionCheck -->
  <testcase classname="com.sunhub.qa.test_cases.CheckoutTest" name="NonExistingShopperGuestPPLLater" time="95.108"/>
  <testcase classname="com.sunhub.qa.test_cases.CheckoutTest" name="NonRegisteredUser_registeration_while_guest_checkout" time="49.101"/>
  <testcase classname="com.sunhub.qa.test_cases.CheckoutTest" name="CheckoutWithStripePayment" time="74.823"/>
  <testcase classname="com.sunhub.qa.test_cases.CheckoutTest" name="TaxCalculation" time="61.547"/>
  <testcase classname="com.sunhub.qa.test_cases.CheckoutTest" name="ExistingUserGuestCheckout" time="70.462"/>
  <testcase classname="com.sunhub.qa.test_cases.RegisterPageTest" name="NonExistingEmailCheck" time="16.369"/>
  <testcase classname="com.sunhub.qa.test_cases.RegisterPageTest" name="ExistingEmailValidationforRegisteration" time="14.396">
    <failure type="java.lang.AssertionError" message="Did not display Error Message expected [true] but found [false]">
      <![CDATA[java.lang.AssertionError: Did not display Error Message expected [true] but found [false]
at com.sunhub.registeration.pages.BuyerRegistration.ExistingEmailRegistration(BuyerRegistration.java:131)
at com.sunhub.qa.test_cases.RegisterPageTest.ExistingEmailValidationforRegisteration(RegisterPageTest.java:42)
at java.base/java.util.ArrayList.forEach(ArrayList.java:1511)
... Removed 34 stack frames]]>
    </failure>
  </testcase> <!-- ExistingEmailValidationforRegisteration -->
</testsuite> <!-- Test -->
