<!DOCTYPE html PUBLIC "-//W3C//DTD XHTML 1.1//EN" "https://www.w3.org/TR/xhtml11/DTD/xhtml11.dtd">
<html xmlns="https://www.w3.org/1999/xhtml">
<head>
<meta http-equiv="content-type" content="text/html; charset=UTF-8"/>
<title>TestNG Report</title>
<style type="text/css">table {margin-bottom:10px;border-collapse:collapse;empty-cells:show}th,td {border:1px solid #009;padding:.25em .5em}th {vertical-align:bottom}td {vertical-align:top}table a {font-weight:bold}.stripe td {background-color: #E6EBF9}.num {text-align:right}.passedodd td {background-color: #3F3}.passedeven td {background-color: #0A0}.skippedodd td {background-color: #DDD}.skippedeven td {background-color: #CCC}.failedodd td,.attn {background-color: #F33}.failedeven td,.stripe .attn {background-color: #D00}.stacktrace {white-space:pre;font-family:monospace}.totop {font-size:85%;text-align:center;border-bottom:2px solid #000}.invisible {display:none}</style>
</head>
<body>
<table>
<tr><th>Test</th><th># Passed</th><th># Skipped</th><th># Retried</th><th># Failed</th><th>Time (ms)</th><th>Included Groups</th><th>Excluded Groups</th></tr>
<tr><th colspan="8">Suite</th></tr>
<tr><td><a href="#t0">Test</a></td><td class="num">16</td><td class="num">0</td><td class="num">0</td><td class="num attn">4</td><td class="num">1,036,051</td><td></td><td></td></tr>
</table>
<table id='summary'><thead><tr><th>Class</th><th>Method</th><th>Start</th><th>Time (ms)</th></tr></thead><tbody><tr><th colspan="4">Suite</th></tr></tbody><tbody id="t0"><tr><th colspan="4">Test &#8212; failed</th></tr><tr class="failedeven"><td rowspan="2">com.sunhub.qa.test_cases.AddProductTest</td><td><a href="#m0">DocumentDeletionCheck</a></td><td rowspan="1">1628253473274</td><td rowspan="1">42108</td></tr><tr class="failedeven"><td><a href="#m1">ImageDeletionCheck</a></td><td rowspan="1">1628253438297</td><td rowspan="1">25147</td></tr><tr class="failedodd"><td rowspan="1">com.sunhub.qa.test_cases.LoginPageTest</td><td><a href="#m2">BuyerLogin</a></td><td rowspan="1">1628252978329</td><td rowspan="1">17033</td></tr><tr class="failedeven"><td rowspan="1">com.sunhub.qa.test_cases.RegisterPageTest</td><td><a href="#m3">ExistingEmailValidationforRegisteration</a></td><td rowspan="1">1628253979655</td><td rowspan="1">14396</td></tr><tr><th colspan="4">Test &#8212; passed</th></tr><tr class="passedeven"><td rowspan="5">com.sunhub.qa.test_cases.AddProductTest</td><td><a href="#m4">AddProduct</a></td><td rowspan="1">1628253107126</td><td rowspan="1">69259</td></tr><tr class="passedeven"><td><a href="#m5">AgeAndConditionCheck</a></td><td rowspan="1">1628253231418</td><td rowspan="1">49404</td></tr><tr class="passedeven"><td><a href="#m6">VerificationOfAddedManufacturer</a></td><td rowspan="1">1628253295853</td><td rowspan="1">30341</td></tr><tr class="passedeven"><td><a href="#m7">existingBrandVerification</a></td><td rowspan="1">1628253190606</td><td rowspan="1">29414</td></tr><tr class="passedeven"><td><a href="#m8">verifyDiscountedPrice</a></td><td rowspan="1">1628253344436</td><td rowspan="1">79869</td></tr><tr class="passedodd"><td rowspan="5">com.sunhub.qa.test_cases.CheckoutTest</td><td><a href="#m9">CheckoutWithStripePayment</a></td><td rowspan="1">1628253699620</td><td rowspan="1">74823</td></tr><tr class="passedodd"><td><a href="#m10">ExistingUserGuestCheckout</a></td><td rowspan="1">1628253861272</td><td rowspan="1">70462</td></tr><tr class="passedodd"><td><a href="#m11">NonExistingShopperGuestPPLLater</a></td><td rowspan="1">1628253528926</td><td rowspan="1">95108</td></tr><tr class="passedodd"><td><a href="#m12">NonRegisteredUser_registeration_while_guest_checkout</a></td><td rowspan="1">1628253638149</td><td rowspan="1">49101</td></tr><tr class="passedodd"><td><a href="#m13">TaxCalculation</a></td><td rowspan="1">1628253788208</td><td rowspan="1">61547</td></tr><tr class="passedeven"><td rowspan="5">com.sunhub.qa.test_cases.LoginPageTest</td><td><a href="#m14">BsuinessLogin</a></td><td rowspan="1">1628253011504</td><td rowspan="1">970</td></tr><tr class="passedeven"><td><a href="#m15">GeneralValidEmailWrongPasswordVerification</a></td><td rowspan="1">1628253067638</td><td rowspan="1">2965</td></tr><tr class="passedeven"><td><a href="#m16">ISellerLogin</a></td><td rowspan="1">1628253031999</td><td rowspan="1">948</td></tr><tr class="passedeven"><td><a href="#m17">MessageAppearance</a></td><td rowspan="1">1628253091215</td><td rowspan="1">1610</td></tr><tr class="passedeven"><td><a href="#m18">SPSellerValidateLogin</a></td><td rowspan="1">1628253049019</td><td rowspan="1">940</td></tr><tr class="passedodd"><td rowspan="1">com.sunhub.qa.test_cases.RegisterPageTest</td><td><a href="#m19">NonExistingEmailCheck</a></td><td rowspan="1">1628253943668</td><td rowspan="1">16369</td></tr></tbody>
</table>
<h2>Test</h2><h3 id="m0">com.sunhub.qa.test_cases.AddProductTest#DocumentDeletionCheck</h3><table class="result"><tr><th>Exception</th></tr><tr><td><div class="stacktrace">java.lang.IllegalArgumentException: bound must be greater than origin
	at java.base/java.util.concurrent.ThreadLocalRandom.nextInt(ThreadLocalRandom.java:337)
	at com.sunhub.qa.util.TestUtil.randomCall(TestUtil.java:105)
	at com.sunhub.AddProduct.pages.AddProduct.DocumentDeletionCheck(AddProduct.java:643)
	at com.sunhub.qa.test_cases.AddProductTest.DocumentDeletionCheck(AddProductTest.java:81)
	at java.base/java.util.ArrayList.forEach(ArrayList.java:1511)
... Removed 31 stack frames</div></td></tr></table><p class="totop"><a href="#summary">back to summary</a></p>
<h3 id="m1">com.sunhub.qa.test_cases.AddProductTest#ImageDeletionCheck</h3><table class="result"><tr><th>Exception</th></tr><tr><td><div class="stacktrace">java.io.IOException: Cannot run program &quot;./AutoIT/Image&quot;: CreateProcess error=2, The system cannot find the file specified
	at java.base/java.lang.ProcessBuilder.start(ProcessBuilder.java:1142)
	at java.base/java.lang.ProcessBuilder.start(ProcessBuilder.java:1073)
	at java.base/java.lang.Runtime.exec(Runtime.java:591)
	at java.base/java.lang.Runtime.exec(Runtime.java:415)
	at java.base/java.lang.Runtime.exec(Runtime.java:312)
	at com.sunhub.qa.util.TestUtil.uploadImage(TestUtil.java:159)
	at com.sunhub.AddProduct.pages.AddProduct.ImagedeletionCheck(AddProduct.java:595)
	at com.sunhub.qa.test_cases.AddProductTest.ImageDeletionCheck(AddProductTest.java:74)
	at java.base/java.util.ArrayList.forEach(ArrayList.java:1511)
Caused by: java.io.IOException: CreateProcess error=2, The system cannot find the file specified
	at java.base/java.lang.ProcessImpl.create(Native Method)
	at java.base/java.lang.ProcessImpl.&lt;init&gt;(ProcessImpl.java:483)
	at java.base/java.lang.ProcessImpl.start(ProcessImpl.java:158)
	at java.base/java.lang.ProcessBuilder.start(ProcessBuilder.java:1109)
	... 39 more
... Removed 31 stack frames</div></td></tr></table><p class="totop"><a href="#summary">back to summary</a></p>
<h3 id="m2">com.sunhub.qa.test_cases.LoginPageTest#BuyerLogin</h3><table class="result"><tr><th>Exception</th></tr><tr><td><div class="stacktrace">org.openqa.selenium.ElementNotInteractableException: element not interactable
  (Session info: chrome=92.0.4515.131)
Build info: version: &apos;3.141.59&apos;, revision: &apos;e82be7d358&apos;, time: &apos;2018-11-14T08:17:03&apos;
System info: host: &apos;BCDS-LHR-33&apos;, ip: &apos;192.168.0.151&apos;, os.name: &apos;Windows 10&apos;, os.arch: &apos;amd64&apos;, os.version: &apos;10.0&apos;, java.version: &apos;15.0.2&apos;
Driver info: org.openqa.selenium.chrome.ChromeDriver
Capabilities {acceptInsecureCerts: false, browserName: chrome, browserVersion: 92.0.4515.131, chrome: {chromedriverVersion: 92.0.4515.43 (8c61b7e2989f2..., userDataDir: C:\Users\KHAWAJ~1.MUH\AppDa...}, goog:chromeOptions: {debuggerAddress: localhost:63266}, javascriptEnabled: true, networkConnectionEnabled: false, pageLoadStrategy: normal, platform: WINDOWS, platformName: WINDOWS, proxy: Proxy(), setWindowRect: true, strictFileInteractability: false, timeouts: {implicit: 0, pageLoad: 300000, script: 30000}, unhandledPromptBehavior: dismiss and notify, webauthn:extension:credBlob: true, webauthn:extension:largeBlob: true, webauthn:virtualAuthenticators: true}
Session ID: 41c9db9aece716283fa35d451543b6fd
	at org.openqa.selenium.remote.http.W3CHttpResponseCodec.createException(W3CHttpResponseCodec.java:187)
	at org.openqa.selenium.remote.http.W3CHttpResponseCodec.decode(W3CHttpResponseCodec.java:122)
	at org.openqa.selenium.remote.http.W3CHttpResponseCodec.decode(W3CHttpResponseCodec.java:49)
	at org.openqa.selenium.remote.HttpCommandExecutor.execute(HttpCommandExecutor.java:158)
	at org.openqa.selenium.remote.service.DriverCommandExecutor.execute(DriverCommandExecutor.java:83)
	at org.openqa.selenium.remote.RemoteWebDriver.execute(RemoteWebDriver.java:552)
	at org.openqa.selenium.remote.RemoteWebElement.execute(RemoteWebElement.java:285)
	at org.openqa.selenium.remote.RemoteWebElement.click(RemoteWebElement.java:84)
	at org.openqa.selenium.support.pagefactory.internal.LocatingElementHandler.invoke(LocatingElementHandler.java:51)
	at com.sun.proxy.$Proxy10.click(Unknown Source)
	at com.sunhub.Login.pages.BuyerLoginPage.ValidateLogin(BuyerLoginPage.java:54)
	at com.sunhub.qa.test_cases.LoginPageTest.BuyerLogin(LoginPageTest.java:49)
	at java.base/java.util.ArrayList.forEach(ArrayList.java:1511)
... Removed 40 stack frames</div></td></tr></table><p class="totop"><a href="#summary">back to summary</a></p>
<h3 id="m3">com.sunhub.qa.test_cases.RegisterPageTest#ExistingEmailValidationforRegisteration</h3><table class="result"><tr><th>Exception</th></tr><tr><td><div class="stacktrace">java.lang.AssertionError: Did not display Error Message expected [true] but found [false]
	at com.sunhub.registeration.pages.BuyerRegistration.ExistingEmailRegistration(BuyerRegistration.java:131)
	at com.sunhub.qa.test_cases.RegisterPageTest.ExistingEmailValidationforRegisteration(RegisterPageTest.java:42)
	at java.base/java.util.ArrayList.forEach(ArrayList.java:1511)
... Removed 34 stack frames</div></td></tr></table><p class="totop"><a href="#summary">back to summary</a></p>
<h3 id="m4">com.sunhub.qa.test_cases.AddProductTest#AddProduct</h3><table class="result"><tr><th class="invisible"/></tr></table><p class="totop"><a href="#summary">back to summary</a></p>
<h3 id="m5">com.sunhub.qa.test_cases.AddProductTest#AgeAndConditionCheck</h3><table class="result"><tr><th class="invisible"/></tr></table><p class="totop"><a href="#summary">back to summary</a></p>
<h3 id="m6">com.sunhub.qa.test_cases.AddProductTest#VerificationOfAddedManufacturer</h3><table class="result"><tr><th class="invisible"/></tr></table><p class="totop"><a href="#summary">back to summary</a></p>
<h3 id="m7">com.sunhub.qa.test_cases.AddProductTest#existingBrandVerification</h3><table class="result"><tr><th class="invisible"/></tr></table><p class="totop"><a href="#summary">back to summary</a></p>
<h3 id="m8">com.sunhub.qa.test_cases.AddProductTest#verifyDiscountedPrice</h3><table class="result"><tr><th class="invisible"/></tr></table><p class="totop"><a href="#summary">back to summary</a></p>
<h3 id="m9">com.sunhub.qa.test_cases.CheckoutTest#CheckoutWithStripePayment</h3><table class="result"><tr><th class="invisible"/></tr></table><p class="totop"><a href="#summary">back to summary</a></p>
<h3 id="m10">com.sunhub.qa.test_cases.CheckoutTest#ExistingUserGuestCheckout</h3><table class="result"><tr><th class="invisible"/></tr></table><p class="totop"><a href="#summary">back to summary</a></p>
<h3 id="m11">com.sunhub.qa.test_cases.CheckoutTest#NonExistingShopperGuestPPLLater</h3><table class="result"><tr><th class="invisible"/></tr></table><p class="totop"><a href="#summary">back to summary</a></p>
<h3 id="m12">com.sunhub.qa.test_cases.CheckoutTest#NonRegisteredUser_registeration_while_guest_checkout</h3><table class="result"><tr><th class="invisible"/></tr></table><p class="totop"><a href="#summary">back to summary</a></p>
<h3 id="m13">com.sunhub.qa.test_cases.CheckoutTest#TaxCalculation</h3><table class="result"><tr><th class="invisible"/></tr></table><p class="totop"><a href="#summary">back to summary</a></p>
<h3 id="m14">com.sunhub.qa.test_cases.LoginPageTest#BsuinessLogin</h3><table class="result"><tr><th class="invisible"/></tr></table><p class="totop"><a href="#summary">back to summary</a></p>
<h3 id="m15">com.sunhub.qa.test_cases.LoginPageTest#GeneralValidEmailWrongPasswordVerification</h3><table class="result"><tr><th class="invisible"/></tr></table><p class="totop"><a href="#summary">back to summary</a></p>
<h3 id="m16">com.sunhub.qa.test_cases.LoginPageTest#ISellerLogin</h3><table class="result"><tr><th class="invisible"/></tr></table><p class="totop"><a href="#summary">back to summary</a></p>
<h3 id="m17">com.sunhub.qa.test_cases.LoginPageTest#MessageAppearance</h3><table class="result"><tr><th class="invisible"/></tr></table><p class="totop"><a href="#summary">back to summary</a></p>
<h3 id="m18">com.sunhub.qa.test_cases.LoginPageTest#SPSellerValidateLogin</h3><table class="result"><tr><th class="invisible"/></tr></table><p class="totop"><a href="#summary">back to summary</a></p>
<h3 id="m19">com.sunhub.qa.test_cases.RegisterPageTest#NonExistingEmailCheck</h3><table class="result"><tr><th class="invisible"/></tr></table><p class="totop"><a href="#summary">back to summary</a></p>
</body>
</html>
