<?xml version="1.0" encoding="UTF-8"?>
<!-- Generated by org.testng.reporters.JUnitReportReporter -->
<<<<<<< HEAD
<testsuite hostname="DESKTOP-7MJK2Q8" failures="0" tests="1" name="pkg.TestCases.BuyProductCheckoutTest$Product_Purchase" time="64.512" errors="0" timestamp="2021-12-15T20:31:17 PKT" skipped="0">
  <testcase classname="pkg.TestCases.BuyProductCheckoutTest$Product_Purchase" name="FreeshippingCheckout" time="64.512"/>
=======
<<<<<<< HEAD
<testsuite hostname="BCDS-LHR-33" failures="0" tests="1" name="pkg.TestCases.BuyProductCheckoutTest$Product_Purchase" time="52.819" errors="0" timestamp="2021-12-15T20:10:14 PKT" skipped="0">
  <testcase classname="pkg.TestCases.BuyProductCheckoutTest$Product_Purchase" name="LocalPickupCheckout" time="52.819"/>
=======
<testsuite hostname="DESKTOP-7MJK2Q8" failures="0" tests="1" name="pkg.TestCases.BuyProductCheckoutTest$Product_Purchase" time="34.139" errors="1" timestamp="2021-12-15T19:50:31 PKT" skipped="0">
  <testcase classname="pkg.TestCases.BuyProductCheckoutTest$Product_Purchase" name="FreeshippingCheckout" time="34.139">
    <error message="Keys to send should be a not null CharSequence" type="java.lang.IllegalArgumentException">
      <![CDATA[java.lang.IllegalArgumentException: Keys to send should be a not null CharSequence
at org.openqa.selenium.remote.RemoteWebElement.sendKeys(RemoteWebElement.java:97)
at java.base/jdk.internal.reflect.NativeMethodAccessorImpl.invoke0(Native Method)
at java.base/jdk.internal.reflect.NativeMethodAccessorImpl.invoke(NativeMethodAccessorImpl.java:64)
at java.base/jdk.internal.reflect.DelegatingMethodAccessorImpl.invoke(DelegatingMethodAccessorImpl.java:43)
at java.base/java.lang.reflect.Method.invoke(Method.java:564)
at org.openqa.selenium.support.pagefactory.internal.LocatingElementHandler.invoke(LocatingElementHandler.java:51)
at com.sun.proxy.$Proxy11.sendKeys(Unknown Source)
at com.util.pages.Utility.ProductSearch(Utility.java:28)
at com.buyproduct.java.buyproduct.CheckoutWithFreeshipping(buyproduct.java:193)
at pkg.TestCases.BuyProductCheckoutTest$Product_Purchase.FreeshippingCheckout(BuyProductCheckoutTest.java:62)
at java.base/jdk.internal.reflect.NativeMethodAccessorImpl.invoke0(Native Method)
at java.base/jdk.internal.reflect.NativeMethodAccessorImpl.invoke(NativeMethodAccessorImpl.java:64)
at java.base/jdk.internal.reflect.DelegatingMethodAccessorImpl.invoke(DelegatingMethodAccessorImpl.java:43)
at java.base/java.lang.reflect.Method.invoke(Method.java:564)
at org.testng.internal.MethodInvocationHelper.invokeMethod(MethodInvocationHelper.java:132)
at org.testng.internal.TestInvoker.invokeMethod(TestInvoker.java:599)
at org.testng.internal.TestInvoker.invokeTestMethod(TestInvoker.java:174)
at org.testng.internal.MethodRunner.runInSequence(MethodRunner.java:46)
at org.testng.internal.TestInvoker$MethodInvocationAgent.invoke(TestInvoker.java:822)
at org.testng.internal.TestInvoker.invokeTestMethods(TestInvoker.java:147)
at org.testng.internal.TestMethodWorker.invokeTestMethods(TestMethodWorker.java:146)
at org.testng.internal.TestMethodWorker.run(TestMethodWorker.java:128)
at java.base/java.util.ArrayList.forEach(ArrayList.java:1511)
at org.testng.TestRunner.privateRun(TestRunner.java:764)
at org.testng.TestRunner.run(TestRunner.java:585)
at org.testng.SuiteRunner.runTest(SuiteRunner.java:384)
at org.testng.SuiteRunner.runSequentially(SuiteRunner.java:378)
at org.testng.SuiteRunner.privateRun(SuiteRunner.java:337)
at org.testng.SuiteRunner.run(SuiteRunner.java:286)
at org.testng.SuiteRunnerWorker.runSuite(SuiteRunnerWorker.java:53)
at org.testng.SuiteRunnerWorker.run(SuiteRunnerWorker.java:96)
at org.testng.TestNG.runSuitesSequentially(TestNG.java:1218)
at org.testng.TestNG.runSuitesLocally(TestNG.java:1140)
at org.testng.TestNG.runSuites(TestNG.java:1069)
at org.testng.TestNG.run(TestNG.java:1037)
at org.testng.remote.AbstractRemoteTestNG.run(AbstractRemoteTestNG.java:115)
at org.testng.remote.RemoteTestNG.initAndRun(RemoteTestNG.java:251)
at org.testng.remote.RemoteTestNG.main(RemoteTestNG.java:77)
]]>
    </error>
  </testcase> <!-- FreeshippingCheckout -->
>>>>>>> 32dc62205414ae1cefe68005f468ce4573844138
>>>>>>> 8f344d3e6a0675deae1937b322d59d692fe6ce62
  <system-out/>
</testsuite> <!-- pkg.TestCases.BuyProductCheckoutTest$Product_Purchase -->
